Tue Sep 30 14:07:23 2025: Running xcd server. This server was built by gradle.
Tue Sep 30 14:07:23 2025: Server was asked to start on port: '35633'
Tue Sep 30 14:07:23 2025: Server is using token UUID: 'b4ee53b8-540f-439f-ac5e-c0a6e9c7cd22'
Tue Sep 30 14:07:23 2025: SESSION_MGR: creating session with session uuid: '6d04a3e9-ade5-4ab9-8d63-1f78fcd2ec76' and name 'default'
Tue Sep 30 14:07:23 2025: Attempting to start server on port '35633'
Tue Sep 30 14:07:23 2025: XCD main fifo: created main fifo '/tmp/xcdmainb4ee53b8-540f-439f-ac5e-c0a6e9c7cd22', fd read = 13
Tue Sep 30 14:07:23 2025: Running Dispatch Server
Tue Sep 30 14:07:23 2025: Version 2.2.0
Tue Sep 30 14:07:25 2025: Dispatch Server: Accepted socket connection from client
Tue Sep 30 14:07:25 2025: Starting Socket connection
Tue Sep 30 14:07:25 2025: EXCHANGE_TOKEN received, server token: b4ee53b8-540f-439f-ac5e-c0a6e9c7cd22, passed token: b4ee53b8-540f-439f-ac5e-c0a6e9c7cd22
Tue Sep 30 14:07:25 2025: DISPATCH_HANDLER: Adding handler from function makeHandler in library libxv_system_diagram
Tue Sep 30 14:07:25 2025: SESSION_MGR: creating session with session uuid: '619c38a2-05c0-4f10-88e0-4b8ec1499e51' and name 'v++_compile_Work'
Tue Sep 30 14:07:25 2025: KERNEL_SVC: creating session with uuid: '619c38a2-05c0-4f10-88e0-4b8ec1499e51' and name 'v++_compile_Work'
Tue Sep 30 14:07:25 2025: GUIDANCE_SMGR: creating guidance session with uuid: '619c38a2-05c0-4f10-88e0-4b8ec1499e51' and name 'v++_compile_Work'
Tue Sep 30 14:07:25 2025: SYSTEM_DIAGRAM: creating session with uuid: '619c38a2-05c0-4f10-88e0-4b8ec1499e51' and name 'v++_compile_Work'
Tue Sep 30 14:07:39 2025: Dispatch Server: Accepted socket connection from client
Tue Sep 30 14:07:39 2025: Starting Socket connection
Tue Sep 30 14:07:39 2025: SESSION_MGR: creating session with session uuid: '290cd1f9-7512-4998-a147-c91cc9c044a2' and name 'AIE Compilation'
Tue Sep 30 14:07:39 2025: KERNEL_SVC: creating session with uuid: '290cd1f9-7512-4998-a147-c91cc9c044a2' and name 'AIE Compilation'
Tue Sep 30 14:07:39 2025: GUIDANCE_SMGR: creating guidance session with uuid: '290cd1f9-7512-4998-a147-c91cc9c044a2' and name 'AIE Compilation'
Tue Sep 30 14:07:39 2025: SYSTEM_DIAGRAM: creating session with uuid: '290cd1f9-7512-4998-a147-c91cc9c044a2' and name 'AIE Compilation'
Tue Sep 30 14:07:43 2025: Dispatch Server: Accepted socket connection from client
Tue Sep 30 14:07:43 2025: Starting Socket connection
