INFO: [VRFC 10-2263] Analyzing SystemVerilog file "/home/synthara/VersalPrjs/LDRD/rtda_demo/_x/link/vivado/vpl/prj/prj.ip_user_files/bd/xlnoc/ip/xlnoc_snoc_sysc_inst_0/sim/xlnoc_snoc_sysc_inst_0_stub.sv" into library xil_defaultlib
INFO: [VRFC 10-311] analyzing module xlnoc_snoc_sysc_inst_0
INFO: [VRFC 10-2263] Analyzing Verilog file "/home/synthara/VersalPrjs/LDRD/rtda_demo/_x/link/vivado/vpl/prj/prj.ip_user_files/bd/xlnoc/sim/xlnoc.v" into library xil_defaultlib
INFO: [VRFC 10-311] analyzing module xlnoc
INFO: [VRFC 10-2263] Analyzing Verilog file "/home/synthara/VersalPrjs/LDRD/rtda_demo/_x/link/vivado/vpl/prj/prj.ip_user_files/bd/vitis_design/ip/vitis_design_CIPS_0_0/bd_0/sim/bd_57a1.v" into library xil_defaultlib
INFO: [VRFC 10-311] analyzing module bd_57a1
INFO: [VRFC 10-2263] Analyzing SystemVerilog file "/home/synthara/VersalPrjs/LDRD/rtda_demo/_x/link/vivado/vpl/prj/prj.ip_user_files/bd/vitis_design/ip/vitis_design_CIPS_0_0/sim/vitis_design_CIPS_0_0_stub.sv" into library xil_defaultlib
INFO: [VRFC 10-311] analyzing module vitis_design_CIPS_0_0
INFO: [VRFC 10-2263] Analyzing SystemVerilog file "/home/synthara/VersalPrjs/LDRD/rtda_demo/_x/link/vivado/vpl/prj/prj.ip_user_files/bd/vitis_design/ip/vitis_design_cips_noc_0/bd_0/ip/ip_0/sim/bd_27ec_S07_AXI_nmu_0_stub.sv" into library xil_defaultlib
INFO: [VRFC 10-311] analyzing module bd_27ec_S07_AXI_nmu_0
INFO: [VRFC 10-2263] Analyzing SystemVerilog file "/home/synthara/VersalPrjs/LDRD/rtda_demo/_x/link/vivado/vpl/prj/prj.ip_user_files/bd/vitis_design/ip/vitis_design_cips_noc_0/bd_0/ip/ip_1/sim/bd_27ec_const_0_0_stub.sv" into library xil_defaultlib
INFO: [VRFC 10-311] analyzing module bd_27ec_const_0_0
INFO: [VRFC 10-2263] Analyzing SystemVerilog file "/home/synthara/VersalPrjs/LDRD/rtda_demo/_x/link/vivado/vpl/prj/prj.ip_user_files/bd/vitis_design/ip/vitis_design_cips_noc_0/bd_0/ip/ip_2/sim/bd_27ec_S04_AXI_nmu_0_stub.sv" into library xil_defaultlib
INFO: [VRFC 10-311] analyzing module bd_27ec_S04_AXI_nmu_0
INFO: [VRFC 10-2263] Analyzing SystemVerilog file "/home/synthara/VersalPrjs/LDRD/rtda_demo/_x/link/vivado/vpl/prj/prj.ip_user_files/bd/vitis_design/ip/vitis_design_cips_noc_0/bd_0/ip/ip_3/sim/bd_27ec_S03_AXI_nmu_0_stub.sv" into library xil_defaultlib
INFO: [VRFC 10-311] analyzing module bd_27ec_S03_AXI_nmu_0
INFO: [VRFC 10-2263] Analyzing SystemVerilog file "/home/synthara/VersalPrjs/LDRD/rtda_demo/_x/link/vivado/vpl/prj/prj.ip_user_files/bd/vitis_design/ip/vitis_design_cips_noc_0/bd_0/ip/ip_4/sim/bd_27ec_S06_AXI_rpu_0_stub.sv" into library xil_defaultlib
INFO: [VRFC 10-311] analyzing module bd_27ec_S06_AXI_rpu_0
INFO: [VRFC 10-2263] Analyzing SystemVerilog file "/home/synthara/VersalPrjs/LDRD/rtda_demo/_x/link/vivado/vpl/prj/prj.ip_user_files/bd/vitis_design/ip/vitis_design_cips_noc_0/bd_0/ip/ip_5/sim/bd_27ec_S02_AXI_nmu_0_stub.sv" into library xil_defaultlib
INFO: [VRFC 10-311] analyzing module bd_27ec_S02_AXI_nmu_0
INFO: [VRFC 10-2263] Analyzing SystemVerilog file "/home/synthara/VersalPrjs/LDRD/rtda_demo/_x/link/vivado/vpl/prj/prj.ip_user_files/bd/vitis_design/ip/vitis_design_cips_noc_0/bd_0/ip/ip_6/sim/bd_27ec_S05_AXI_nmu_0_stub.sv" into library xil_defaultlib
INFO: [VRFC 10-311] analyzing module bd_27ec_S05_AXI_nmu_0
INFO: [VRFC 10-2263] Analyzing SystemVerilog file "/home/synthara/VersalPrjs/LDRD/rtda_demo/_x/link/vivado/vpl/prj/prj.ip_user_files/bd/vitis_design/ip/vitis_design_cips_noc_0/bd_0/ip/ip_7/sim/bd_27ec_S01_AXI_nmu_0_stub.sv" into library xil_defaultlib
INFO: [VRFC 10-311] analyzing module bd_27ec_S01_AXI_nmu_0
INFO: [VRFC 10-2263] Analyzing SystemVerilog file "/home/synthara/VersalPrjs/LDRD/rtda_demo/_x/link/vivado/vpl/prj/prj.ip_user_files/bd/vitis_design/ip/vitis_design_cips_noc_0/bd_0/ip/ip_8/sim/bd_27ec_S00_AXI_nmu_0_stub.sv" into library xil_defaultlib
INFO: [VRFC 10-311] analyzing module bd_27ec_S00_AXI_nmu_0
INFO: [VRFC 10-2263] Analyzing SystemVerilog file "/home/synthara/VersalPrjs/LDRD/rtda_demo/_x/link/vivado/vpl/prj/prj.ip_user_files/bd/vitis_design/ip/vitis_design_cips_noc_0/sim/vitis_design_cips_noc_0_stub.sv" into library xil_defaultlib
INFO: [VRFC 10-311] analyzing module vitis_design_cips_noc_0
INFO: [VRFC 10-2263] Analyzing SystemVerilog file "/home/synthara/VersalPrjs/LDRD/rtda_demo/_x/link/vivado/vpl/prj/prj.ip_user_files/bd/vitis_design/ip/vitis_design_noc_lpddr4_0_0/bd_0/ip/ip_0/sim/bd_9a4a_MC0_ddrc_0_stub.sv" into library xil_defaultlib
INFO: [VRFC 10-311] analyzing module bd_9a4a_MC0_ddrc_0
INFO: [VRFC 10-2263] Analyzing SystemVerilog file "/home/synthara/VersalPrjs/LDRD/rtda_demo/_x/link/vivado/vpl/prj/prj.ip_user_files/bd/vitis_design/ip/vitis_design_noc_lpddr4_0_0/sim/vitis_design_noc_lpddr4_0_0_stub.sv" into library xil_defaultlib
INFO: [VRFC 10-311] analyzing module vitis_design_noc_lpddr4_0_0
INFO: [VRFC 10-2263] Analyzing SystemVerilog file "/home/synthara/VersalPrjs/LDRD/rtda_demo/_x/link/vivado/vpl/prj/prj.ip_user_files/bd/vitis_design/ip/vitis_design_noc_lpddr4_1/bd_0/ip/ip_0/sim/bd_e87b_MC1_ddrc_0_stub.sv" into library xil_defaultlib
INFO: [VRFC 10-311] analyzing module bd_e87b_MC1_ddrc_0
INFO: [VRFC 10-2263] Analyzing SystemVerilog file "/home/synthara/VersalPrjs/LDRD/rtda_demo/_x/link/vivado/vpl/prj/prj.ip_user_files/bd/vitis_design/ip/vitis_design_noc_lpddr4_1/bd_0/ip/ip_1/sim/bd_e87b_MC0_ddrc_0_stub.sv" into library xil_defaultlib
INFO: [VRFC 10-311] analyzing module bd_e87b_MC0_ddrc_0
INFO: [VRFC 10-2263] Analyzing SystemVerilog file "/home/synthara/VersalPrjs/LDRD/rtda_demo/_x/link/vivado/vpl/prj/prj.ip_user_files/bd/vitis_design/ip/vitis_design_noc_lpddr4_1/sim/vitis_design_noc_lpddr4_1_stub.sv" into library xil_defaultlib
INFO: [VRFC 10-311] analyzing module vitis_design_noc_lpddr4_1
INFO: [VRFC 10-2263] Analyzing Verilog file "/home/synthara/VersalPrjs/LDRD/rtda_demo/_x/link/vivado/vpl/prj/prj.ip_user_files/bd/vitis_design/ip/vitis_design_ai_engine_0_0/bd_0/sim/bd_05a5.v" into library xil_defaultlib
INFO: [VRFC 10-311] analyzing module bd_05a5
INFO: [VRFC 10-2263] Analyzing SystemVerilog file "/home/synthara/VersalPrjs/LDRD/rtda_demo/_x/link/vivado/vpl/prj/prj.ip_user_files/bd/vitis_design/ip/vitis_design_ai_engine_0_0/sim/vitis_design_ai_engine_0_0_stub.sv" into library xil_defaultlib
INFO: [VRFC 10-311] analyzing module vitis_design_ai_engine_0_0
INFO: [VRFC 10-2263] Analyzing SystemVerilog file "/home/synthara/VersalPrjs/LDRD/rtda_demo/_x/link/vivado/vpl/prj/prj.ip_user_files/bd/vitis_design/ip/vitis_design_aggr_noc_0/bd_0/ip/ip_0/sim/bd_a751_S04_AXI_nmu_0_stub.sv" into library xil_defaultlib
INFO: [VRFC 10-311] analyzing module bd_a751_S04_AXI_nmu_0
INFO: [VRFC 10-2263] Analyzing SystemVerilog file "/home/synthara/VersalPrjs/LDRD/rtda_demo/_x/link/vivado/vpl/prj/prj.ip_user_files/bd/vitis_design/ip/vitis_design_aggr_noc_0/bd_0/ip/ip_1/sim/bd_a751_const_0_0_stub.sv" into library xil_defaultlib
INFO: [VRFC 10-311] analyzing module bd_a751_const_0_0
INFO: [VRFC 10-2263] Analyzing SystemVerilog file "/home/synthara/VersalPrjs/LDRD/rtda_demo/_x/link/vivado/vpl/prj/prj.ip_user_files/bd/vitis_design/ip/vitis_design_aggr_noc_0/bd_0/ip/ip_2/sim/bd_a751_S03_AXI_nmu_0_stub.sv" into library xil_defaultlib
INFO: [VRFC 10-311] analyzing module bd_a751_S03_AXI_nmu_0
INFO: [VRFC 10-2263] Analyzing SystemVerilog file "/home/synthara/VersalPrjs/LDRD/rtda_demo/_x/link/vivado/vpl/prj/prj.ip_user_files/bd/vitis_design/ip/vitis_design_aggr_noc_0/bd_0/ip/ip_3/sim/bd_a751_S01_AXI_nmu_0_stub.sv" into library xil_defaultlib
INFO: [VRFC 10-311] analyzing module bd_a751_S01_AXI_nmu_0
INFO: [VRFC 10-2263] Analyzing SystemVerilog file "/home/synthara/VersalPrjs/LDRD/rtda_demo/_x/link/vivado/vpl/prj/prj.ip_user_files/bd/vitis_design/ip/vitis_design_aggr_noc_0/bd_0/ip/ip_4/sim/bd_a751_S02_AXI_nmu_0_stub.sv" into library xil_defaultlib
INFO: [VRFC 10-311] analyzing module bd_a751_S02_AXI_nmu_0
INFO: [VRFC 10-2263] Analyzing SystemVerilog file "/home/synthara/VersalPrjs/LDRD/rtda_demo/_x/link/vivado/vpl/prj/prj.ip_user_files/bd/vitis_design/ip/vitis_design_aggr_noc_0/bd_0/ip/ip_5/sim/bd_a751_S00_AXI_nmu_0_stub.sv" into library xil_defaultlib
INFO: [VRFC 10-311] analyzing module bd_a751_S00_AXI_nmu_0
INFO: [VRFC 10-2263] Analyzing SystemVerilog file "/home/synthara/VersalPrjs/LDRD/rtda_demo/_x/link/vivado/vpl/prj/prj.ip_user_files/bd/vitis_design/ip/vitis_design_aggr_noc_0/sim/vitis_design_aggr_noc_0_stub.sv" into library xil_defaultlib
INFO: [VRFC 10-311] analyzing module vitis_design_aggr_noc_0
INFO: [VRFC 10-2263] Analyzing SystemVerilog file "/home/synthara/VersalPrjs/LDRD/rtda_demo/_x/link/vivado/vpl/prj/prj.ip_user_files/bd/vitis_design/ip/vitis_design_ConfigNoc_0/bd_0/ip/ip_0/sim/bd_e429_M00_AXI_nsu_0_stub.sv" into library xil_defaultlib
INFO: [VRFC 10-311] analyzing module bd_e429_M00_AXI_nsu_0
INFO: [VRFC 10-2263] Analyzing SystemVerilog file "/home/synthara/VersalPrjs/LDRD/rtda_demo/_x/link/vivado/vpl/prj/prj.ip_user_files/bd/vitis_design/ip/vitis_design_ConfigNoc_0/sim/vitis_design_ConfigNoc_0_stub.sv" into library xil_defaultlib
INFO: [VRFC 10-311] analyzing module vitis_design_ConfigNoc_0
INFO: [VRFC 10-2263] Analyzing Verilog file "/home/synthara/VersalPrjs/LDRD/rtda_demo/_x/link/vivado/vpl/prj/prj.ip_user_files/bd/vitis_design/ip/vitis_design_clk_wizard_0_0/vitis_design_clk_wizard_0_0_clocking_structure.v" into library xil_defaultlib
INFO: [VRFC 10-311] analyzing module vitis_design_clk_wizard_0_0_clocking_structure
INFO: [VRFC 10-2263] Analyzing Verilog file "/home/synthara/VersalPrjs/LDRD/rtda_demo/_x/link/vivado/vpl/prj/prj.ip_user_files/bd/vitis_design/ip/vitis_design_clk_wizard_0_0/vitis_design_clk_wizard_0_0_clocking_MBUFGCE_CE_DLY.v" into library xil_defaultlib
INFO: [VRFC 10-311] analyzing module vitis_design_clk_wizard_0_0_clocking_MBUFGCE_CE_DLY
INFO: [VRFC 10-2263] Analyzing SystemVerilog file "/home/synthara/VersalPrjs/LDRD/rtda_demo/_x/link/vivado/vpl/prj/prj.ip_user_files/bd/vitis_design/ip/vitis_design_clk_wizard_0_0/vitis_design_clk_wizard_0_0_clocking_cmt_dpll_fd_cal.sv" into library xil_defaultlib
INFO: [VRFC 10-311] analyzing module vitis_design_clk_wizard_0_0_clocking_cmt_dpll_fd_cal
INFO: [VRFC 10-2263] Analyzing SystemVerilog file "/home/synthara/VersalPrjs/LDRD/rtda_demo/_x/link/vivado/vpl/prj/prj.ip_user_files/bd/vitis_design/ip/vitis_design_clk_wizard_0_0/vitis_design_clk_wizard_0_0_clocking_Synchronizer3.sv" into library xil_defaultlib
INFO: [VRFC 10-311] analyzing module vitis_design_clk_wizard_0_0_clocking_Synchronizer3
INFO: [VRFC 10-2263] Analyzing Verilog file "/home/synthara/VersalPrjs/LDRD/rtda_demo/_x/link/vivado/vpl/prj/prj.ip_user_files/bd/vitis_design/ip/vitis_design_clk_wizard_0_0/vitis_design_clk_wizard_0_0_clk_wiz_top.v" into library xil_defaultlib
INFO: [VRFC 10-311] analyzing module vitis_design_clk_wizard_0_0_clk_wiz_top
INFO: [VRFC 10-2263] Analyzing Verilog file "/home/synthara/VersalPrjs/LDRD/rtda_demo/_x/link/vivado/vpl/prj/prj.ip_user_files/bd/vitis_design/ip/vitis_design_clk_wizard_0_0/sim/vitis_design_clk_wizard_0_0.v" into library xil_defaultlib
INFO: [VRFC 10-311] analyzing module vitis_design_clk_wizard_0_0
INFO: [VRFC 10-2263] Analyzing Verilog file "/home/synthara/VersalPrjs/LDRD/rtda_demo/_x/link/vivado/vpl/prj/prj.ip_user_files/bd/vitis_design/ip/vitis_design_icn_ctrl_1_0/bd_0/sim/bd_931e.v" into library xil_defaultlib
INFO: [VRFC 10-311] analyzing module bd_931e
INFO: [VRFC 10-311] analyzing module clk_map_imp_Y6TB7H
INFO: [VRFC 10-311] analyzing module i_nodes_imp_1FUA51V
INFO: [VRFC 10-311] analyzing module m00_exit_pipeline_imp_10IF9K6
INFO: [VRFC 10-311] analyzing module m00_nodes_imp_1MPY32I
INFO: [VRFC 10-311] analyzing module m01_exit_pipeline_imp_159SEEE
INFO: [VRFC 10-311] analyzing module m01_nodes_imp_LTWEWS
INFO: [VRFC 10-311] analyzing module m02_exit_pipeline_imp_1C7U1EU
INFO: [VRFC 10-311] analyzing module m02_nodes_imp_E3FHK7
INFO: [VRFC 10-311] analyzing module m03_exit_pipeline_imp_1FV9HT2
INFO: [VRFC 10-311] analyzing module m03_nodes_imp_1CRMUVL
INFO: [VRFC 10-311] analyzing module m04_exit_pipeline_imp_1PXMGPY
INFO: [VRFC 10-311] analyzing module m04_nodes_imp_1K2AKUP
INFO: [VRFC 10-311] analyzing module s00_entry_pipeline_imp_7FRJ9
INFO: [VRFC 10-311] analyzing module s00_nodes_imp_5U2LVJ
INFO: [VRFC 10-311] analyzing module switchboards_imp_Z7YHIJ
INFO: [VRFC 10-2263] Analyzing SystemVerilog file "/home/synthara/VersalPrjs/LDRD/rtda_demo/_x/link/vivado/vpl/prj/prj.ip_user_files/bd/vitis_design/ip/vitis_design_icn_ctrl_1_0/sim/vitis_design_icn_ctrl_1_0_stub.sv" into library xil_defaultlib
INFO: [VRFC 10-311] analyzing module vitis_design_icn_ctrl_1_0
INFO: [VRFC 10-2263] Analyzing Verilog file "/home/synthara/VersalPrjs/LDRD/rtda_demo/_x/link/vivado/vpl/prj/prj.ip_user_files/bd/vitis_design/ip/vitis_design_icn_ctrl_2_0/bd_0/sim/bd_93ee.v" into library xil_defaultlib
INFO: [VRFC 10-311] analyzing module bd_93ee
INFO: [VRFC 10-311] analyzing module clk_map_imp_1A1I20D
INFO: [VRFC 10-311] analyzing module i_nodes_imp_RQXAO3
INFO: [VRFC 10-311] analyzing module m00_exit_pipeline_imp_PVHBP2
INFO: [VRFC 10-311] analyzing module m00_nodes_imp_3QG3TM
INFO: [VRFC 10-311] analyzing module m01_exit_pipeline_imp_KN92NQ
INFO: [VRFC 10-311] analyzing module m01_nodes_imp_1435ELO
INFO: [VRFC 10-311] analyzing module m02_exit_pipeline_imp_VXBVNA
INFO: [VRFC 10-311] analyzing module m02_nodes_imp_1TIERQV
INFO: [VRFC 10-311] analyzing module m03_exit_pipeline_imp_RT2P86
INFO: [VRFC 10-311] analyzing module m03_nodes_imp_VDJ1Q9
INFO: [VRFC 10-311] analyzing module m04_exit_pipeline_imp_IS22E
INFO: [VRFC 10-311] analyzing module m04_nodes_imp_5S8YTD
INFO: [VRFC 10-311] analyzing module m05_exit_pipeline_imp_6BLNZQ
INFO: [VRFC 10-311] analyzing module m05_nodes_imp_128U4ON
INFO: [VRFC 10-311] analyzing module s00_entry_pipeline_imp_1PPLNQT
INFO: [VRFC 10-311] analyzing module s00_nodes_imp_1KJUE0F
INFO: [VRFC 10-311] analyzing module switchboards_imp_18FR6GR
INFO: [VRFC 10-2263] Analyzing SystemVerilog file "/home/synthara/VersalPrjs/LDRD/rtda_demo/_x/link/vivado/vpl/prj/prj.ip_user_files/bd/vitis_design/ip/vitis_design_icn_ctrl_2_0/sim/vitis_design_icn_ctrl_2_0_stub.sv" into library xil_defaultlib
INFO: [VRFC 10-311] analyzing module vitis_design_icn_ctrl_2_0
INFO: [VRFC 10-2263] Analyzing SystemVerilog file "/home/synthara/VersalPrjs/LDRD/rtda_demo/_x/link/vivado/vpl/prj/prj.ip_user_files/bd/vitis_design/ip/vitis_design_dummy_slave_0_0/sim/vitis_design_dummy_slave_0_0_stub.sv" into library xil_defaultlib
INFO: [VRFC 10-311] analyzing module vitis_design_dummy_slave_0_0
INFO: [VRFC 10-2263] Analyzing Verilog file "/home/synthara/VersalPrjs/LDRD/rtda_demo/_x/link/vivado/vpl/prj/prj.ip_user_files/bd/vitis_design/sim/vitis_design.v" into library xil_defaultlib
INFO: [VRFC 10-311] analyzing module VitisRegion_imp_9ASBXH
INFO: [VRFC 10-311] analyzing module vitis_design
INFO: [VRFC 10-2263] Analyzing Verilog file "/home/synthara/VersalPrjs/LDRD/rtda_demo/_x/link/vivado/vpl/prj/prj.gen/sources_1/bd/vitis_design/ipshared/c62e/hdl/verilog/mm2s_pl_control_s_axi.v" into library xil_defaultlib
INFO: [VRFC 10-311] analyzing module mm2s_pl_control_s_axi
INFO: [VRFC 10-2263] Analyzing Verilog file "/home/synthara/VersalPrjs/LDRD/rtda_demo/_x/link/vivado/vpl/prj/prj.gen/sources_1/bd/vitis_design/ipshared/c62e/hdl/verilog/mm2s_pl_flow_control_loop_pipe.v" into library xil_defaultlib
INFO: [VRFC 10-311] analyzing module mm2s_pl_flow_control_loop_pipe
INFO: [VRFC 10-2263] Analyzing Verilog file "/home/synthara/VersalPrjs/LDRD/rtda_demo/_x/link/vivado/vpl/prj/prj.gen/sources_1/bd/vitis_design/ipshared/c62e/hdl/verilog/mm2s_pl_gmem_m_axi.v" into library xil_defaultlib
INFO: [VRFC 10-311] analyzing module mm2s_pl_gmem_m_axi
INFO: [VRFC 10-311] analyzing module mm2s_pl_gmem_m_axi_load
INFO: [VRFC 10-311] analyzing module mm2s_pl_gmem_m_axi_store
INFO: [VRFC 10-311] analyzing module mm2s_pl_gmem_m_axi_read
INFO: [VRFC 10-311] analyzing module mm2s_pl_gmem_m_axi_write
INFO: [VRFC 10-311] analyzing module mm2s_pl_gmem_m_axi_burst_converter
INFO: [VRFC 10-311] analyzing module mm2s_pl_gmem_m_axi_throttle
INFO: [VRFC 10-311] analyzing module mm2s_pl_gmem_m_axi_reg_slice
INFO: [VRFC 10-311] analyzing module mm2s_pl_gmem_m_axi_fifo
INFO: [VRFC 10-311] analyzing module mm2s_pl_gmem_m_axi_srl
INFO: [VRFC 10-311] analyzing module mm2s_pl_gmem_m_axi_mem
INFO: [VRFC 10-2263] Analyzing Verilog file "/home/synthara/VersalPrjs/LDRD/rtda_demo/_x/link/vivado/vpl/prj/prj.gen/sources_1/bd/vitis_design/ipshared/c62e/hdl/verilog/mm2s_pl_hls_deadlock_idx0_monitor.v" into library xil_defaultlib
INFO: [VRFC 10-311] analyzing module mm2s_pl_hls_deadlock_idx0_monitor
INFO: [VRFC 10-2263] Analyzing Verilog file "/home/synthara/VersalPrjs/LDRD/rtda_demo/_x/link/vivado/vpl/prj/prj.gen/sources_1/bd/vitis_design/ipshared/c62e/hdl/verilog/mm2s_pl_regslice_both.v" into library xil_defaultlib
INFO: [VRFC 10-311] analyzing module mm2s_pl_regslice_both
INFO: [VRFC 10-2263] Analyzing Verilog file "/home/synthara/VersalPrjs/LDRD/rtda_demo/_x/link/vivado/vpl/prj/prj.gen/sources_1/bd/vitis_design/ipshared/c62e/hdl/verilog/mm2s_pl.v" into library xil_defaultlib
INFO: [VRFC 10-311] analyzing module mm2s_pl
INFO: [VRFC 10-2263] Analyzing Verilog file "/home/synthara/VersalPrjs/LDRD/rtda_demo/_x/link/vivado/vpl/prj/prj.ip_user_files/bd/vitis_design/ip/vitis_design_mm2s_din_0/sim/vitis_design_mm2s_din_0.v" into library xil_defaultlib
INFO: [VRFC 10-311] analyzing module vitis_design_mm2s_din_0
INFO: [VRFC 10-2263] Analyzing Verilog file "/home/synthara/VersalPrjs/LDRD/rtda_demo/_x/link/vivado/vpl/prj/prj.ip_user_files/bd/vitis_design/ip/vitis_design_mm2s_weights1_0/sim/vitis_design_mm2s_weights1_0.v" into library xil_defaultlib
INFO: [VRFC 10-311] analyzing module vitis_design_mm2s_weights1_0
INFO: [VRFC 10-2263] Analyzing Verilog file "/home/synthara/VersalPrjs/LDRD/rtda_demo/_x/link/vivado/vpl/prj/prj.ip_user_files/bd/vitis_design/ip/vitis_design_mm2s_weights2_0_0/sim/vitis_design_mm2s_weights2_0_0.v" into library xil_defaultlib
INFO: [VRFC 10-311] analyzing module vitis_design_mm2s_weights2_0_0
INFO: [VRFC 10-2263] Analyzing Verilog file "/home/synthara/VersalPrjs/LDRD/rtda_demo/_x/link/vivado/vpl/prj/prj.ip_user_files/bd/vitis_design/ip/vitis_design_mm2s_weights2_1_0/sim/vitis_design_mm2s_weights2_1_0.v" into library xil_defaultlib
INFO: [VRFC 10-311] analyzing module vitis_design_mm2s_weights2_1_0
INFO: [VRFC 10-2263] Analyzing Verilog file "/home/synthara/VersalPrjs/LDRD/rtda_demo/_x/link/vivado/vpl/prj/prj.gen/sources_1/bd/vitis_design/ipshared/a40b/hdl/ip/leaky_relu_pl_fcmp_32ns_32ns_1_1_no_dsp_1_ip.v" into library xil_defaultlib
INFO: [VRFC 10-311] analyzing module leaky_relu_pl_fcmp_32ns_32ns_1_1_no_dsp_1_ip
INFO: [VRFC 10-2263] Analyzing Verilog file "/home/synthara/VersalPrjs/LDRD/rtda_demo/_x/link/vivado/vpl/prj/prj.gen/sources_1/bd/vitis_design/ipshared/a40b/hdl/ip/leaky_relu_pl_fmul_32ns_32ns_32_2_primitive_dsp_1_ip.v" into library xil_defaultlib
INFO: [VRFC 10-311] analyzing module leaky_relu_pl_fmul_32ns_32ns_32_2_primitive_dsp_1_ip
INFO: [VRFC 10-2263] Analyzing Verilog file "/home/synthara/VersalPrjs/LDRD/rtda_demo/_x/link/vivado/vpl/prj/prj.gen/sources_1/bd/vitis_design/ipshared/a40b/hdl/verilog/leaky_relu_pl_control_s_axi.v" into library xil_defaultlib
INFO: [VRFC 10-311] analyzing module leaky_relu_pl_control_s_axi
INFO: [VRFC 10-2263] Analyzing Verilog file "/home/synthara/VersalPrjs/LDRD/rtda_demo/_x/link/vivado/vpl/prj/prj.gen/sources_1/bd/vitis_design/ipshared/a40b/hdl/verilog/leaky_relu_pl_fcmp_32ns_32ns_1_1_no_dsp_1.v" into library xil_defaultlib
INFO: [VRFC 10-311] analyzing module leaky_relu_pl_fcmp_32ns_32ns_1_1_no_dsp_1
INFO: [VRFC 10-2263] Analyzing Verilog file "/home/synthara/VersalPrjs/LDRD/rtda_demo/_x/link/vivado/vpl/prj/prj.gen/sources_1/bd/vitis_design/ipshared/a40b/hdl/verilog/leaky_relu_pl_flow_control_loop_pipe.v" into library xil_defaultlib
INFO: [VRFC 10-311] analyzing module leaky_relu_pl_flow_control_loop_pipe
INFO: [VRFC 10-2263] Analyzing Verilog file "/home/synthara/VersalPrjs/LDRD/rtda_demo/_x/link/vivado/vpl/prj/prj.gen/sources_1/bd/vitis_design/ipshared/a40b/hdl/verilog/leaky_relu_pl_fmul_32ns_32ns_32_2_primitive_dsp_1.v" into library xil_defaultlib
INFO: [VRFC 10-311] analyzing module leaky_relu_pl_fmul_32ns_32ns_32_2_primitive_dsp_1
INFO: [VRFC 10-2263] Analyzing Verilog file "/home/synthara/VersalPrjs/LDRD/rtda_demo/_x/link/vivado/vpl/prj/prj.gen/sources_1/bd/vitis_design/ipshared/a40b/hdl/verilog/leaky_relu_pl_hls_deadlock_idx0_monitor.v" into library xil_defaultlib
INFO: [VRFC 10-311] analyzing module leaky_relu_pl_hls_deadlock_idx0_monitor
INFO: [VRFC 10-2263] Analyzing Verilog file "/home/synthara/VersalPrjs/LDRD/rtda_demo/_x/link/vivado/vpl/prj/prj.gen/sources_1/bd/vitis_design/ipshared/a40b/hdl/verilog/leaky_relu_pl_regslice_both.v" into library xil_defaultlib
INFO: [VRFC 10-311] analyzing module leaky_relu_pl_regslice_both
INFO: [VRFC 10-2263] Analyzing Verilog file "/home/synthara/VersalPrjs/LDRD/rtda_demo/_x/link/vivado/vpl/prj/prj.gen/sources_1/bd/vitis_design/ipshared/a40b/hdl/verilog/leaky_relu_pl.v" into library xil_defaultlib
INFO: [VRFC 10-311] analyzing module leaky_relu_pl
INFO: [VRFC 10-2263] Analyzing Verilog file "/home/synthara/VersalPrjs/LDRD/rtda_demo/_x/link/vivado/vpl/prj/prj.ip_user_files/bd/vitis_design/ip/vitis_design_relu_0/sim/vitis_design_relu_0.v" into library xil_defaultlib
INFO: [VRFC 10-311] analyzing module vitis_design_relu_0
INFO: [VRFC 10-2263] Analyzing Verilog file "/home/synthara/VersalPrjs/LDRD/rtda_demo/_x/link/vivado/vpl/prj/prj.ip_user_files/bd/vitis_design/ip/vitis_design_relu2_0/sim/vitis_design_relu2_0.v" into library xil_defaultlib
INFO: [VRFC 10-311] analyzing module vitis_design_relu2_0
INFO: [VRFC 10-2263] Analyzing Verilog file "/home/synthara/VersalPrjs/LDRD/rtda_demo/_x/link/vivado/vpl/prj/prj.gen/sources_1/bd/vitis_design/ipshared/81ff/hdl/verilog/leaky_splitter_pl_control_s_axi.v" into library xil_defaultlib
INFO: [VRFC 10-311] analyzing module leaky_splitter_pl_control_s_axi
INFO: [VRFC 10-2263] Analyzing Verilog file "/home/synthara/VersalPrjs/LDRD/rtda_demo/_x/link/vivado/vpl/prj/prj.gen/sources_1/bd/vitis_design/ipshared/81ff/hdl/verilog/leaky_splitter_pl_flow_control_loop_pipe.v" into library xil_defaultlib
INFO: [VRFC 10-311] analyzing module leaky_splitter_pl_flow_control_loop_pipe
INFO: [VRFC 10-2263] Analyzing Verilog file "/home/synthara/VersalPrjs/LDRD/rtda_demo/_x/link/vivado/vpl/prj/prj.gen/sources_1/bd/vitis_design/ipshared/81ff/hdl/verilog/leaky_splitter_pl_hls_deadlock_idx0_monitor.v" into library xil_defaultlib
INFO: [VRFC 10-311] analyzing module leaky_splitter_pl_hls_deadlock_idx0_monitor
INFO: [VRFC 10-2263] Analyzing Verilog file "/home/synthara/VersalPrjs/LDRD/rtda_demo/_x/link/vivado/vpl/prj/prj.gen/sources_1/bd/vitis_design/ipshared/81ff/hdl/verilog/leaky_splitter_pl_regslice_both.v" into library xil_defaultlib
INFO: [VRFC 10-311] analyzing module leaky_splitter_pl_regslice_both
INFO: [VRFC 10-2263] Analyzing Verilog file "/home/synthara/VersalPrjs/LDRD/rtda_demo/_x/link/vivado/vpl/prj/prj.gen/sources_1/bd/vitis_design/ipshared/81ff/hdl/verilog/leaky_splitter_pl.v" into library xil_defaultlib
INFO: [VRFC 10-311] analyzing module leaky_splitter_pl
INFO: [VRFC 10-2263] Analyzing Verilog file "/home/synthara/VersalPrjs/LDRD/rtda_demo/_x/link/vivado/vpl/prj/prj.ip_user_files/bd/vitis_design/ip/vitis_design_splitter_0/sim/vitis_design_splitter_0.v" into library xil_defaultlib
INFO: [VRFC 10-311] analyzing module vitis_design_splitter_0
INFO: [VRFC 10-2263] Analyzing Verilog file "/home/synthara/VersalPrjs/LDRD/rtda_demo/_x/link/vivado/vpl/prj/prj.gen/sources_1/bd/vitis_design/ipshared/e20a/hdl/verilog/s2mm_pl_control_s_axi.v" into library xil_defaultlib
INFO: [VRFC 10-311] analyzing module s2mm_pl_control_s_axi
INFO: [VRFC 10-2263] Analyzing Verilog file "/home/synthara/VersalPrjs/LDRD/rtda_demo/_x/link/vivado/vpl/prj/prj.gen/sources_1/bd/vitis_design/ipshared/e20a/hdl/verilog/s2mm_pl_flow_control_loop_pipe.v" into library xil_defaultlib
INFO: [VRFC 10-311] analyzing module s2mm_pl_flow_control_loop_pipe
INFO: [VRFC 10-2263] Analyzing Verilog file "/home/synthara/VersalPrjs/LDRD/rtda_demo/_x/link/vivado/vpl/prj/prj.gen/sources_1/bd/vitis_design/ipshared/e20a/hdl/verilog/s2mm_pl_gmem_m_axi.v" into library xil_defaultlib
INFO: [VRFC 10-311] analyzing module s2mm_pl_gmem_m_axi
INFO: [VRFC 10-311] analyzing module s2mm_pl_gmem_m_axi_load
INFO: [VRFC 10-311] analyzing module s2mm_pl_gmem_m_axi_store
INFO: [VRFC 10-311] analyzing module s2mm_pl_gmem_m_axi_read
INFO: [VRFC 10-311] analyzing module s2mm_pl_gmem_m_axi_write
INFO: [VRFC 10-311] analyzing module s2mm_pl_gmem_m_axi_burst_converter
INFO: [VRFC 10-311] analyzing module s2mm_pl_gmem_m_axi_throttle
INFO: [VRFC 10-311] analyzing module s2mm_pl_gmem_m_axi_reg_slice
INFO: [VRFC 10-311] analyzing module s2mm_pl_gmem_m_axi_fifo
INFO: [VRFC 10-311] analyzing module s2mm_pl_gmem_m_axi_srl
INFO: [VRFC 10-311] analyzing module s2mm_pl_gmem_m_axi_mem
INFO: [VRFC 10-2263] Analyzing Verilog file "/home/synthara/VersalPrjs/LDRD/rtda_demo/_x/link/vivado/vpl/prj/prj.gen/sources_1/bd/vitis_design/ipshared/e20a/hdl/verilog/s2mm_pl_hls_deadlock_idx0_monitor.v" into library xil_defaultlib
INFO: [VRFC 10-311] analyzing module s2mm_pl_hls_deadlock_idx0_monitor
INFO: [VRFC 10-2263] Analyzing Verilog file "/home/synthara/VersalPrjs/LDRD/rtda_demo/_x/link/vivado/vpl/prj/prj.gen/sources_1/bd/vitis_design/ipshared/e20a/hdl/verilog/s2mm_pl_regslice_both.v" into library xil_defaultlib
INFO: [VRFC 10-311] analyzing module s2mm_pl_regslice_both
INFO: [VRFC 10-2263] Analyzing Verilog file "/home/synthara/VersalPrjs/LDRD/rtda_demo/_x/link/vivado/vpl/prj/prj.gen/sources_1/bd/vitis_design/ipshared/e20a/hdl/verilog/s2mm_pl.v" into library xil_defaultlib
INFO: [VRFC 10-311] analyzing module s2mm_pl
INFO: [VRFC 10-2263] Analyzing Verilog file "/home/synthara/VersalPrjs/LDRD/rtda_demo/_x/link/vivado/vpl/prj/prj.ip_user_files/bd/vitis_design/ip/vitis_design_s2mm_out_0/sim/vitis_design_s2mm_out_0.v" into library xil_defaultlib
INFO: [VRFC 10-311] analyzing module vitis_design_s2mm_out_0
INFO: [VRFC 10-2263] Analyzing SystemVerilog file "/home/synthara/VersalPrjs/LDRD/rtda_demo/_x/link/vivado/vpl/prj/prj.ip_user_files/bd/vitis_design/ip/vitis_design_axi_intc_parent_intr_1_interrupt_concat_0/sim/vitis_design_axi_intc_parent_intr_1_interrupt_concat_0_stub.sv" into library xil_defaultlib
INFO: [VRFC 10-311] analyzing module vitis_design_axi_intc_parent_intr_1_interrupt_concat_0
INFO: [VRFC 10-2263] Analyzing SystemVerilog file "/home/synthara/VersalPrjs/LDRD/rtda_demo/_x/link/vivado/vpl/prj/prj.ip_user_files/bd/vitis_design/ip/vitis_design_irq_const_tieoff_0/sim/vitis_design_irq_const_tieoff_0_stub.sv" into library xil_defaultlib
INFO: [VRFC 10-311] analyzing module vitis_design_irq_const_tieoff_0
INFO: [VRFC 10-2263] Analyzing SystemVerilog file "/home/synthara/VersalPrjs/LDRD/rtda_demo/_x/link/vivado/vpl/prj/prj.ip_user_files/bd/vitis_design/sim/vitis_design_sci_stub.sv" into library xil_defaultlib
INFO: [VRFC 10-311] analyzing module vitis_design_sci
INFO: [VRFC 10-2263] Analyzing Verilog file "/home/synthara/VersalPrjs/LDRD/rtda_demo/_x/link/vivado/vpl/prj/prj.gen/sources_1/bd/vitis_design/hdl/vitis_design_wrapper.v" into library xil_defaultlib
INFO: [VRFC 10-311] analyzing module vitis_design_wrapper
INFO: [VRFC 10-2263] Analyzing Verilog file "/home/synthara/VersalPrjs/LDRD/rtda_demo/_x/link/vivado/vpl/prj/prj.srcs/sources_1/common/hdl/vitis_design_wrapper_sim_wrapper.v" into library xil_defaultlib
INFO: [VRFC 10-311] analyzing module vitis_design_wrapper_sim_wrapper
INFO: [VRFC 10-2263] Analyzing Verilog file "/home/synthara/VersalPrjs/LDRD/rtda_demo/_x/link/vivado/vpl/prj/prj.sim/sim_1/behav_waveform/xsim/glbl.v" into library xil_defaultlib
INFO: [VRFC 10-311] analyzing module glbl
